# JRE version: OpenJDK Runtime Environment Temurin-17.0.9+9 (17.0.9+9) (build 17.0.9+9)
# Java VM: OpenJDK 64-Bit Server VM Temurin-17.0.9+9 (17.0.9+9, mixed mode, sharing, tiered, compressed oops, compressed class ptrs, parallel gc, windows-amd64)
GC Precious Log:
 CPUs: 6 total, 6 available
 Memory: 7541M
 Large Page Support: Disabled
 NUMA Support: Disabled
 Compressed Oops: Enabled (32-bit)
 Alignments: Space 512K, Generation 512K, Heap 2M
 Heap Min Capacity: 100M
 Heap Initial Capacity: 100M
 Heap Max Capacity: 1G
 Pre-touch: Disabled
 Parallel Workers: 6
Heap:
 PSYoungGen      total 14336K, used 10896K [0x00000000eab00000, 0x00000000ec280000, 0x0000000100000000)
  eden space 7168K, 53% used [0x00000000eab00000,0x00000000eaec0d98,0x00000000eb200000)
  from space 7168K, 98% used [0x00000000ebb80000,0x00000000ec2635c0,0x00000000ec280000)
  to   space 8192K, 0% used [0x00000000eb280000,0x00000000eb280000,0x00000000eba80000)
 ParOldGen       total 490496K, used 370281K [0x00000000c0000000, 0x00000000ddf00000, 0x00000000eab00000)
  object space 490496K, 75% used [0x00000000c0000000,0x00000000d699a748,0x00000000ddf00000)
 Metaspace       used 61913K, committed 63040K, reserved 1114112K
  class space    used 6448K, committed 6976K, reserved 1048576K
GC Heap History (20 events):
Event: 24.087 GC heap before
{Heap before GC invocations=237 (full 15):
 PSYoungGen      total 6656K, used 6477K [0x00000000eab00000, 0x00000000eb680000, 0x0000000100000000)
  eden space 3584K, 100% used [0x00000000eab00000,0x00000000eae80000,0x00000000eae80000)
  from space 3072K, 94% used [0x00000000eb200000,0x00000000eb4d3670,0x00000000eb500000)
  to   space 3584K, 0% used [0x00000000eae80000,0x00000000eae80000,0x00000000eb200000)
 ParOldGen       total 490496K, used 352786K [0x00000000c0000000, 0x00000000ddf00000, 0x00000000eab00000)
  object space 490496K, 71% used [0x00000000c0000000,0x00000000d5884bc8,0x00000000ddf00000)
 Metaspace       used 61164K, committed 62272K, reserved 1114112K
  class space    used 6404K, committed 6912K, reserved 1048576K
}
Event: 24.092 GC heap after
{Heap after GC invocations=237 (full 15):
 PSYoungGen      total 7168K, used 3579K [0x00000000eab00000, 0x00000000eb700000, 0x0000000100000000)
  eden space 3584K, 0% used [0x00000000eab00000,0x00000000eab00000,0x00000000eae80000)
  from space 3584K, 99% used [0x00000000eae80000,0x00000000eb1fef20,0x00000000eb200000)
  to   space 4096K, 0% used [0x00000000eb300000,0x00000000eb300000,0x00000000eb700000)
 ParOldGen       total 490496K, used 352817K [0x00000000c0000000, 0x00000000ddf00000, 0x00000000eab00000)
  object space 490496K, 71% used [0x00000000c0000000,0x00000000d588c670,0x00000000ddf00000)
 Metaspace       used 61164K, committed 62272K, reserved 1114112K
  class space    used 6404K, committed 6912K, reserved 1048576K
}
Event: 24.185 GC heap before
{Heap before GC invocations=238 (full 15):
 PSYoungGen      total 7168K, used 7163K [0x00000000eab00000, 0x00000000eb700000, 0x0000000100000000)
  eden space 3584K, 100% used [0x00000000eab00000,0x00000000eae80000,0x00000000eae80000)
  from space 3584K, 99% used [0x00000000eae80000,0x00000000eb1fef20,0x00000000eb200000)
  to   space 4096K, 0% used [0x00000000eb300000,0x00000000eb300000,0x00000000eb700000)
 ParOldGen       total 490496K, used 352817K [0x00000000c0000000, 0x00000000ddf00000, 0x00000000eab00000)
  object space 490496K, 71% used [0x00000000c0000000,0x00000000d588c670,0x00000000ddf00000)
 Metaspace       used 61514K, committed 62592K, reserved 1114112K
  class space    used 6430K, committed 6912K, reserved 1048576K
}
Event: 24.189 GC heap after
{Heap after GC invocations=238 (full 15):
 PSYoungGen      total 8192K, used 3843K [0x00000000eab00000, 0x00000000eb700000, 0x0000000100000000)
  eden space 4096K, 0% used [0x00000000eab00000,0x00000000eab00000,0x00000000eaf00000)
  from space 4096K, 93% used [0x00000000eb300000,0x00000000eb6c0f70,0x00000000eb700000)
  to   space 4096K, 0% used [0x00000000eaf00000,0x00000000eaf00000,0x00000000eb300000)
 ParOldGen       total 490496K, used 352817K [0x00000000c0000000, 0x00000000ddf00000, 0x00000000eab00000)
  object space 490496K, 71% used [0x00000000c0000000,0x00000000d588c670,0x00000000ddf00000)
 Metaspace       used 61514K, committed 62592K, reserved 1114112K
  class space    used 6430K, committed 6912K, reserved 1048576K
}
Event: 24.338 GC heap before
{Heap before GC invocations=239 (full 15):
 PSYoungGen      total 8192K, used 7921K [0x00000000eab00000, 0x00000000eb700000, 0x0000000100000000)
  eden space 4096K, 99% used [0x00000000eab00000,0x00000000eaefb550,0x00000000eaf00000)
  from space 4096K, 93% used [0x00000000eb300000,0x00000000eb6c0f70,0x00000000eb700000)
  to   space 4096K, 0% used [0x00000000eaf00000,0x00000000eaf00000,0x00000000eb300000)
 ParOldGen       total 490496K, used 352817K [0x00000000c0000000, 0x00000000ddf00000, 0x00000000eab00000)
  object space 490496K, 71% used [0x00000000c0000000,0x00000000d588c670,0x00000000ddf00000)
 Metaspace       used 61528K, committed 62656K, reserved 1114112K
  class space    used 6431K, committed 6912K, reserved 1048576K
}
Event: 24.346 GC heap after
{Heap after GC invocations=239 (full 15):
 PSYoungGen      total 8192K, used 4079K [0x00000000eab00000, 0x00000000ebb80000, 0x0000000100000000)
  eden space 4096K, 0% used [0x00000000eab00000,0x00000000eab00000,0x00000000eaf00000)
  from space 4096K, 99% used [0x00000000eaf00000,0x00000000eb2fbfa0,0x00000000eb300000)
  to   space 6144K, 0% used [0x00000000eb580000,0x00000000eb580000,0x00000000ebb80000)
 ParOldGen       total 490496K, used 354374K [0x00000000c0000000, 0x00000000ddf00000, 0x00000000eab00000)
  object space 490496K, 72% used [0x00000000c0000000,0x00000000d5a11bc0,0x00000000ddf00000)
 Metaspace       used 61528K, committed 62656K, reserved 1114112K
  class space    used 6431K, committed 6912K, reserved 1048576K
}
Event: 25.090 GC heap before
{Heap before GC invocations=240 (full 15):
 PSYoungGen      total 8192K, used 8175K [0x00000000eab00000, 0x00000000ebb80000, 0x0000000100000000)
  eden space 4096K, 100% used [0x00000000eab00000,0x00000000eaf00000,0x00000000eaf00000)
  from space 4096K, 99% used [0x00000000eaf00000,0x00000000eb2fbfa0,0x00000000eb300000)
  to   space 6144K, 0% used [0x00000000eb580000,0x00000000eb580000,0x00000000ebb80000)
 ParOldGen       total 490496K, used 354374K [0x00000000c0000000, 0x00000000ddf00000, 0x00000000eab00000)
  object space 490496K, 72% used [0x00000000c0000000,0x00000000d5a11bc0,0x00000000ddf00000)
 Metaspace       used 61534K, committed 62656K, reserved 1114112K
  class space    used 6431K, committed 6912K, reserved 1048576K
}
Event: 25.095 GC heap after
{Heap after GC invocations=240 (full 15):
 PSYoungGen      total 8192K, used 3232K [0x00000000eab00000, 0x00000000eb900000, 0x0000000100000000)
  eden space 4608K, 0% used [0x00000000eab00000,0x00000000eab00000,0x00000000eaf80000)
  from space 3584K, 90% used [0x00000000eb580000,0x00000000eb8a8000,0x00000000eb900000)
  to   space 4608K, 0% used [0x00000000eb000000,0x00000000eb000000,0x00000000eb480000)
 ParOldGen       total 490496K, used 357235K [0x00000000c0000000, 0x00000000ddf00000, 0x00000000eab00000)
  object space 490496K, 72% used [0x00000000c0000000,0x00000000d5cdcdb0,0x00000000ddf00000)
 Metaspace       used 61534K, committed 62656K, reserved 1114112K
  class space    used 6431K, committed 6912K, reserved 1048576K
}
Event: 25.273 GC heap before
{Heap before GC invocations=241 (full 15):
 PSYoungGen      total 8192K, used 7840K [0x00000000eab00000, 0x00000000eb900000, 0x0000000100000000)
  eden space 4608K, 100% used [0x00000000eab00000,0x00000000eaf80000,0x00000000eaf80000)
  from space 3584K, 90% used [0x00000000eb580000,0x00000000eb8a8000,0x00000000eb900000)
  to   space 4608K, 0% used [0x00000000eb000000,0x00000000eb000000,0x00000000eb480000)
 ParOldGen       total 490496K, used 357235K [0x00000000c0000000, 0x00000000ddf00000, 0x00000000eab00000)
  object space 490496K, 72% used [0x00000000c0000000,0x00000000d5cdcdb0,0x00000000ddf00000)
 Metaspace       used 61565K, committed 62720K, reserved 1114112K
  class space    used 6435K, committed 6976K, reserved 1048576K
}
Event: 25.280 GC heap after
{Heap after GC invocations=241 (full 15):
 PSYoungGen      total 9728K, used 4607K [0x00000000eab00000, 0x00000000ebc00000, 0x0000000100000000)
  eden space 5120K, 0% used [0x00000000eab00000,0x00000000eab00000,0x00000000eb000000)
  from space 4608K, 99% used [0x00000000eb000000,0x00000000eb47fdb0,0x00000000eb480000)
  to   space 6144K, 0% used [0x00000000eb600000,0x00000000eb600000,0x00000000ebc00000)
 ParOldGen       total 490496K, used 358303K [0x00000000c0000000, 0x00000000ddf00000, 0x00000000eab00000)
  object space 490496K, 73% used [0x00000000c0000000,0x00000000d5de7dc0,0x00000000ddf00000)
 Metaspace       used 61565K, committed 62720K, reserved 1114112K
  class space    used 6435K, committed 6976K, reserved 1048576K
}
Event: 25.290 GC heap before
{Heap before GC invocations=242 (full 15):
 PSYoungGen      total 9728K, used 9727K [0x00000000eab00000, 0x00000000ebc00000, 0x0000000100000000)
  eden space 5120K, 100% used [0x00000000eab00000,0x00000000eb000000,0x00000000eb000000)
  from space 4608K, 99% used [0x00000000eb000000,0x00000000eb47fdb0,0x00000000eb480000)
  to   space 6144K, 0% used [0x00000000eb600000,0x00000000eb600000,0x00000000ebc00000)
 ParOldGen       total 490496K, used 358303K [0x00000000c0000000, 0x00000000ddf00000, 0x00000000eab00000)
  object space 490496K, 73% used [0x00000000c0000000,0x00000000d5de7dc0,0x00000000ddf00000)
 Metaspace       used 61566K, committed 62720K, reserved 1114112K
  class space    used 6435K, committed 6976K, reserved 1048576K
}
Event: 25.298 GC heap after
{Heap after GC invocations=242 (full 15):
 PSYoungGen      total 11264K, used 5233K [0x00000000eab00000, 0x00000000ebb80000, 0x0000000100000000)
  eden space 5632K, 0% used [0x00000000eab00000,0x00000000eab00000,0x00000000eb080000)
  from space 5632K, 92% used [0x00000000eb600000,0x00000000ebb1c618,0x00000000ebb80000)
  to   space 5632K, 0% used [0x00000000eb080000,0x00000000eb080000,0x00000000eb600000)
 ParOldGen       total 490496K, used 359455K [0x00000000c0000000, 0x00000000ddf00000, 0x00000000eab00000)
  object space 490496K, 73% used [0x00000000c0000000,0x00000000d5f07dc0,0x00000000ddf00000)
 Metaspace       used 61566K, committed 62720K, reserved 1114112K
  class space    used 6435K, committed 6976K, reserved 1048576K
}
Event: 25.314 GC heap before
{Heap before GC invocations=243 (full 15):
 PSYoungGen      total 11264K, used 10865K [0x00000000eab00000, 0x00000000ebb80000, 0x0000000100000000)
  eden space 5632K, 100% used [0x00000000eab00000,0x00000000eb080000,0x00000000eb080000)
  from space 5632K, 92% used [0x00000000eb600000,0x00000000ebb1c618,0x00000000ebb80000)
  to   space 5632K, 0% used [0x00000000eb080000,0x00000000eb080000,0x00000000eb600000)
 ParOldGen       total 490496K, used 359455K [0x00000000c0000000, 0x00000000ddf00000, 0x00000000eab00000)
  object space 490496K, 73% used [0x00000000c0000000,0x00000000d5f07dc0,0x00000000ddf00000)
 Metaspace       used 61571K, committed 62720K, reserved 1114112K
  class space    used 6436K, committed 6976K, reserved 1048576K
}
Event: 25.319 GC heap after
{Heap after GC invocations=243 (full 15):
 PSYoungGen      total 11264K, used 5609K [0x00000000eab00000, 0x00000000ec500000, 0x0000000100000000)
  eden space 5632K, 0% used [0x00000000eab00000,0x00000000eab00000,0x00000000eb080000)
  from space 5632K, 99% used [0x00000000eb080000,0x00000000eb5fa6a0,0x00000000eb600000)
  to   space 10240K, 0% used [0x00000000ebb00000,0x00000000ebb00000,0x00000000ec500000)
 ParOldGen       total 490496K, used 363150K [0x00000000c0000000, 0x00000000ddf00000, 0x00000000eab00000)
  object space 490496K, 74% used [0x00000000c0000000,0x00000000d62a3aa0,0x00000000ddf00000)
 Metaspace       used 61571K, committed 62720K, reserved 1114112K
  class space    used 6436K, committed 6976K, reserved 1048576K
}
Event: 25.340 GC heap before
{Heap before GC invocations=244 (full 15):
 PSYoungGen      total 11264K, used 11241K [0x00000000eab00000, 0x00000000ec500000, 0x0000000100000000)
  eden space 5632K, 100% used [0x00000000eab00000,0x00000000eb080000,0x00000000eb080000)
  from space 5632K, 99% used [0x00000000eb080000,0x00000000eb5fa6a0,0x00000000eb600000)
  to   space 10240K, 0% used [0x00000000ebb00000,0x00000000ebb00000,0x00000000ec500000)
 ParOldGen       total 490496K, used 363150K [0x00000000c0000000, 0x00000000ddf00000, 0x00000000eab00000)
  object space 490496K, 74% used [0x00000000c0000000,0x00000000d62a3aa0,0x00000000ddf00000)
 Metaspace       used 61577K, committed 62720K, reserved 1114112K
  class space    used 6436K, committed 6976K, reserved 1048576K
}
Event: 25.349 GC heap after
{Heap after GC invocations=244 (full 15):
 PSYoungGen      total 13824K, used 7430K [0x00000000eab00000, 0x00000000ec280000, 0x0000000100000000)
  eden space 6144K, 0% used [0x00000000eab00000,0x00000000eab00000,0x00000000eb100000)
  from space 7680K, 96% used [0x00000000ebb00000,0x00000000ec241b58,0x00000000ec280000)
  to   space 8192K, 0% used [0x00000000eb280000,0x00000000eb280000,0x00000000eba80000)
 ParOldGen       total 490496K, used 366494K [0x00000000c0000000, 0x00000000ddf00000, 0x00000000eab00000)
  object space 490496K, 74% used [0x00000000c0000000,0x00000000d65e7aa0,0x00000000ddf00000)
 Metaspace       used 61577K, committed 62720K, reserved 1114112K
  class space    used 6436K, committed 6976K, reserved 1048576K
}
Event: 25.382 GC heap before
{Heap before GC invocations=245 (full 15):
 PSYoungGen      total 13824K, used 13514K [0x00000000eab00000, 0x00000000ec280000, 0x0000000100000000)
  eden space 6144K, 99% used [0x00000000eab00000,0x00000000eb0f0f60,0x00000000eb100000)
  from space 7680K, 96% used [0x00000000ebb00000,0x00000000ec241b58,0x00000000ec280000)
  to   space 8192K, 0% used [0x00000000eb280000,0x00000000eb280000,0x00000000eba80000)
 ParOldGen       total 490496K, used 366494K [0x00000000c0000000, 0x00000000ddf00000, 0x00000000eab00000)
  object space 490496K, 74% used [0x00000000c0000000,0x00000000d65e7aa0,0x00000000ddf00000)
 Metaspace       used 61606K, committed 62720K, reserved 1114112K
  class space    used 6437K, committed 6976K, reserved 1048576K
}
Event: 25.390 GC heap after
{Heap after GC invocations=245 (full 15):
 PSYoungGen      total 14848K, used 8167K [0x00000000eab00000, 0x00000000ec580000, 0x0000000100000000)
  eden space 6656K, 0% used [0x00000000eab00000,0x00000000eab00000,0x00000000eb180000)
  from space 8192K, 99% used [0x00000000eb280000,0x00000000eba79ef8,0x00000000eba80000)
  to   space 10240K, 0% used [0x00000000ebb80000,0x00000000ebb80000,0x00000000ec580000)
 ParOldGen       total 490496K, used 368059K [0x00000000c0000000, 0x00000000ddf00000, 0x00000000eab00000)
  object space 490496K, 75% used [0x00000000c0000000,0x00000000d676eeb8,0x00000000ddf00000)
 Metaspace       used 61606K, committed 62720K, reserved 1114112K
  class space    used 6437K, committed 6976K, reserved 1048576K
}
Event: 25.743 GC heap before
{Heap before GC invocations=246 (full 15):
 PSYoungGen      total 14848K, used 14800K [0x00000000eab00000, 0x00000000ec580000, 0x0000000100000000)
  eden space 6656K, 99% used [0x00000000eab00000,0x00000000eb17a2e8,0x00000000eb180000)
  from space 8192K, 99% used [0x00000000eb280000,0x00000000eba79ef8,0x00000000eba80000)
  to   space 10240K, 0% used [0x00000000ebb80000,0x00000000ebb80000,0x00000000ec580000)
 ParOldGen       total 490496K, used 368059K [0x00000000c0000000, 0x00000000ddf00000, 0x00000000eab00000)
  object space 490496K, 75% used [0x00000000c0000000,0x00000000d676eeb8,0x00000000ddf00000)
 Metaspace       used 61735K, committed 62912K, reserved 1114112K
  class space    used 6443K, committed 6976K, reserved 1048576K
}
Event: 25.748 GC heap after
{Heap after GC invocations=246 (full 15):
 PSYoungGen      total 14336K, used 7053K [0x00000000eab00000, 0x00000000ec280000, 0x0000000100000000)
  eden space 7168K, 0% used [0x00000000eab00000,0x00000000eab00000,0x00000000eb200000)
  from space 7168K, 98% used [0x00000000ebb80000,0x00000000ec2635c0,0x00000000ec280000)
  to   space 8192K, 0% used [0x00000000eb280000,0x00000000eb280000,0x00000000eba80000)
 ParOldGen       total 490496K, used 370281K [0x00000000c0000000, 0x00000000ddf00000, 0x00000000eab00000)
  object space 490496K, 75% used [0x00000000c0000000,0x00000000d699a748,0x00000000ddf00000)
 Metaspace       used 61735K, committed 62912K, reserved 1114112K
  class space    used 6443K, committed 6976K, reserved 1048576K
}

